<?xml version="1.0" encoding="UTF-8"?>
<testsuites name="Post Test Scenario" time="14.123" tests="2" failures="0" errors="0">
   <testsuite name="Post Test Scenario" tests="2" failures="0" errors="0" time="14.123" skipped="0" timestamp="2023-05-01 04:01:58" hostname="USER - 192.168.1.72" id="Test Suites/Post Test Scenario">
      <properties>
         <property name="deviceName" value=""/>
         <property name="devicePlatform" value=""/>
         <property name="logFolder" value="C:\\Users\\USER\\git\\apiTest_QuizGit\\Reports\\20230501_040151\\Post Test Scenario\\20230501_040151"/>
         <property name="logFiles" value="C:\\Users\\USER\\git\\apiTest_QuizGit\\Reports\\20230501_040151\\Post Test Scenario\\20230501_040151\\execution0.log"/>
         <property name="attachments" value=""/>
         <property name="hostName" value="USER - 192.168.1.72"/>
         <property name="hostAddress" value="192.168.1.72"/>
         <property name="os" value="Windows 10 64bit"/>
         <property name="katalonVersion" value="8.6.0.208"/>
      </properties>
      <testcase name="Test Cases/SK02-Post Scenario/TC002-Validation response create auth token" time="9.052" classname="Test Cases/SK02-Post Scenario/TC002-Validation response create auth token" status="PASSED">
         <system-out><![CDATA[2023-05-01 04:01:59 - [TEST_CASE][PASSED] - Test Cases/SK02-Post Scenario/TC002-Validation response create auth token: Test Cases/SK02-Post Scenario/TC002-Validation response create auth token

2023-05-01 04:02:00 - [TEST_STEP][PASSED] - sendRequest(findTestObject("POST/Post create auth token")): Send request successfully

2023-05-01 04:02:05 - [MESSAGE][INFO] - HAR: C:\Users\USER\git\apiTest_QuizGit\Reports\20230501_040151\Post Test Scenario\20230501_040151\requests\main\0.har

2023-05-01 04:02:06 - [MESSAGE][PASSED] - Send request successfully

2023-05-01 04:02:06 - [TEST_STEP][PASSED] - response = sendRequestAndVerify(findTestObject("POST/Post create auth token")): Send request and verify the response successfully

2023-05-01 04:02:07 - [MESSAGE][INFO] - HAR: C:\Users\USER\git\apiTest_QuizGit\Reports\20230501_040151\Post Test Scenario\20230501_040151\requests\main\1.har

2023-05-01 04:02:07 - [TEST_CASE][PASSED] - Start Test Case : Verification: Verification accomplished successfully

2023-05-01 04:02:08 - [TEST_STEP][PASSED] - request = getInstance().getCurrentRequest(): null

2023-05-01 04:02:08 - [TEST_STEP][PASSED] - response = getInstance().getCurrentResponse(): null

2023-05-01 04:02:08 - [TEST_STEP][PASSED] - verifyResponseStatusCode(response, 200): Verify response status code successfully

2023-05-01 04:02:08 - [MESSAGE][PASSED] - Verify response status code successfully

2023-05-01 04:02:08 - [TEST_STEP][PASSED] - getStatusCode()).isEqualTo(200): null

2023-05-01 04:02:08 - [TEST_STEP][PASSED] - getStatusCode()).isIn(Arrays.asList(200, 201, 202)): null

2023-05-01 04:02:08 - [MESSAGE][PASSED] - Verify response successfully

2023-05-01 04:02:08 - [MESSAGE][PASSED] - All validation steps have been passed

2023-05-01 04:02:08 - [MESSAGE][PASSED] - Send request and verify the response successfully

2023-05-01 04:02:08 - [TEST_STEP][PASSED] - verifyResponseStatusCode(response, 200): Verify response status code successfully

2023-05-01 04:02:08 - [MESSAGE][PASSED] - Verify response status code successfully]]></system-out>
         <system-err><![CDATA[]]></system-err>
      </testcase>
      <testcase name="Test Cases/SK02-Post Scenario/TC004-Validation response create booking" time="4.239" classname="Test Cases/SK02-Post Scenario/TC004-Validation response create booking" status="PASSED">
         <system-out><![CDATA[2023-05-01 04:02:08 - [TEST_CASE][PASSED] - Test Cases/SK02-Post Scenario/TC004-Validation response create booking: Test Cases/SK02-Post Scenario/TC004-Validation response create booking

2023-05-01 04:02:09 - [TEST_STEP][PASSED] - sendRequest(findTestObject("POST/Post create booking")): Send request successfully

2023-05-01 04:02:11 - [MESSAGE][INFO] - HAR: C:\Users\USER\git\apiTest_QuizGit\Reports\20230501_040151\Post Test Scenario\20230501_040151\requests\main\2.har

2023-05-01 04:02:11 - [MESSAGE][PASSED] - Send request successfully

2023-05-01 04:02:11 - [TEST_STEP][PASSED] - response = sendRequestAndVerify(findTestObject("POST/Post create booking")): Send request and verify the response successfully

2023-05-01 04:02:12 - [MESSAGE][INFO] - HAR: C:\Users\USER\git\apiTest_QuizGit\Reports\20230501_040151\Post Test Scenario\20230501_040151\requests\main\3.har

2023-05-01 04:02:12 - [TEST_CASE][PASSED] - Start Test Case : Verification: Verification accomplished successfully

2023-05-01 04:02:13 - [TEST_STEP][PASSED] - request = getInstance().getCurrentRequest(): null

2023-05-01 04:02:13 - [TEST_STEP][PASSED] - response = getInstance().getCurrentResponse(): null

2023-05-01 04:02:13 - [MESSAGE][PASSED] - Verify response successfully

2023-05-01 04:02:13 - [MESSAGE][PASSED] - All validation steps have been passed

2023-05-01 04:02:13 - [MESSAGE][PASSED] - Send request and verify the response successfully

2023-05-01 04:02:13 - [TEST_STEP][PASSED] - verifyResponseStatusCode(response, 200): Verify response status code successfully

2023-05-01 04:02:13 - [MESSAGE][PASSED] - Verify response status code successfully]]></system-out>
         <system-err><![CDATA[]]></system-err>
      </testcase>
      <system-out><![CDATA[2023-05-01 04:01:58 - [TEST_SUITE][PASSED] - Post Test Scenario: Test Cases/SK02-Post Scenario/TC004-Validation response create booking]]></system-out>
      <system-err><![CDATA[]]></system-err>
   </testsuite>
</testsuites>
