<?xml version="1.0" encoding="UTF-8"?>
<testsuites name="Update and Delete Test Scenario" time="15.764" tests="3" failures="0" errors="0">
   <testsuite name="Update and Delete Test Scenario" tests="3" failures="0" errors="0" time="15.764" skipped="0" timestamp="2023-05-01 15:46:09" hostname="USER - 192.168.1.72" id="Test Suites/Update and Delete Test Scenario">
      <properties>
         <property name="deviceName" value=""/>
         <property name="devicePlatform" value=""/>
         <property name="logFolder" value="C:\\Users\\USER\\git\\apiTest_QuizGit\\Reports\\20230501_154603\\Update and Delete Test Scenario\\20230501_154603"/>
         <property name="logFiles" value="C:\\Users\\USER\\git\\apiTest_QuizGit\\Reports\\20230501_154603\\Update and Delete Test Scenario\\20230501_154603\\execution0.log"/>
         <property name="attachments" value=""/>
         <property name="hostName" value="USER - 192.168.1.72"/>
         <property name="hostAddress" value="192.168.1.72"/>
         <property name="os" value="Windows 10 64bit"/>
         <property name="katalonVersion" value="8.6.0.208"/>
      </properties>
      <testcase name="Test Cases/SK03-Update and delete scenario/TC005-Validation response update booking data" time="8.685" classname="Test Cases/SK03-Update and delete scenario/TC005-Validation response update booking data" status="PASSED">
         <system-out><![CDATA[2023-05-01 15:46:10 - [TEST_CASE][PASSED] - Test Cases/SK03-Update and delete scenario/TC005-Validation response update booking data: Test Cases/SK03-Update and delete scenario/TC005-Validation response update booking data

2023-05-01 15:46:11 - [TEST_STEP][PASSED] - sendRequest(findTestObject("PUT and PATCH/Put update booking")): Send request successfully

2023-05-01 15:46:16 - [MESSAGE][INFO] - HAR: C:\Users\USER\git\apiTest_QuizGit\Reports\20230501_154603\Update and Delete Test Scenario\20230501_154603\requests\main\0.har

2023-05-01 15:46:16 - [MESSAGE][PASSED] - Send request successfully

2023-05-01 15:46:16 - [TEST_STEP][PASSED] - response = sendRequestAndVerify(findTestObject("PUT and PATCH/Put update booking")): Send request and verify the response successfully

2023-05-01 15:46:17 - [MESSAGE][INFO] - HAR: C:\Users\USER\git\apiTest_QuizGit\Reports\20230501_154603\Update and Delete Test Scenario\20230501_154603\requests\main\1.har

2023-05-01 15:46:17 - [TEST_CASE][PASSED] - Start Test Case : Verification: Verification accomplished successfully

2023-05-01 15:46:18 - [TEST_STEP][PASSED] - request = getInstance().getCurrentRequest(): null

2023-05-01 15:46:18 - [TEST_STEP][PASSED] - response = getInstance().getCurrentResponse(): null

2023-05-01 15:46:18 - [TEST_STEP][PASSED] - verifyResponseStatusCode(response, 200): Verify response status code successfully

2023-05-01 15:46:18 - [MESSAGE][PASSED] - Verify response status code successfully

2023-05-01 15:46:18 - [TEST_STEP][PASSED] - getStatusCode()).isEqualTo(200): null

2023-05-01 15:46:18 - [TEST_STEP][PASSED] - getStatusCode()).isIn(Arrays.asList(200, 201, 202)): null

2023-05-01 15:46:18 - [MESSAGE][PASSED] - Verify response successfully

2023-05-01 15:46:18 - [MESSAGE][PASSED] - All validation steps have been passed

2023-05-01 15:46:18 - [MESSAGE][PASSED] - Send request and verify the response successfully

2023-05-01 15:46:18 - [TEST_STEP][PASSED] - verifyResponseStatusCode(response, 200): Verify response status code successfully

2023-05-01 15:46:18 - [MESSAGE][PASSED] - Verify response status code successfully]]></system-out>
         <system-err><![CDATA[]]></system-err>
      </testcase>
      <testcase name="Test Cases/SK03-Update and delete scenario/TC006-Validation response update partial booking data" time="3.349" classname="Test Cases/SK03-Update and delete scenario/TC006-Validation response update partial booking data" status="PASSED">
         <system-out><![CDATA[2023-05-01 15:46:18 - [TEST_CASE][PASSED] - Test Cases/SK03-Update and delete scenario/TC006-Validation response update partial booking data: Test Cases/SK03-Update and delete scenario/TC006-Validation response update partial booking data

2023-05-01 15:46:19 - [TEST_STEP][PASSED] - sendRequest(findTestObject("PUT and PATCH/Patch partial update booking")): Send request successfully

2023-05-01 15:46:20 - [MESSAGE][INFO] - HAR: C:\Users\USER\git\apiTest_QuizGit\Reports\20230501_154603\Update and Delete Test Scenario\20230501_154603\requests\main\2.har

2023-05-01 15:46:20 - [MESSAGE][PASSED] - Send request successfully

2023-05-01 15:46:20 - [TEST_STEP][PASSED] - response = sendRequestAndVerify(findTestObject("PUT and PATCH/Patch partial update booking")): Send request and verify the response successfully

2023-05-01 15:46:21 - [MESSAGE][INFO] - HAR: C:\Users\USER\git\apiTest_QuizGit\Reports\20230501_154603\Update and Delete Test Scenario\20230501_154603\requests\main\3.har

2023-05-01 15:46:21 - [TEST_CASE][PASSED] - Start Test Case : Verification: Verification accomplished successfully

2023-05-01 15:46:22 - [TEST_STEP][PASSED] - request = getInstance().getCurrentRequest(): null

2023-05-01 15:46:22 - [TEST_STEP][PASSED] - response = getInstance().getCurrentResponse(): null

2023-05-01 15:46:22 - [MESSAGE][PASSED] - Verify response successfully

2023-05-01 15:46:22 - [MESSAGE][PASSED] - All validation steps have been passed

2023-05-01 15:46:22 - [MESSAGE][PASSED] - Send request and verify the response successfully

2023-05-01 15:46:22 - [TEST_STEP][PASSED] - verifyResponseStatusCode(response, 200): Verify response status code successfully

2023-05-01 15:46:22 - [MESSAGE][PASSED] - Verify response status code successfully]]></system-out>
         <system-err><![CDATA[]]></system-err>
      </testcase>
      <testcase name="Test Cases/SK03-Update and delete scenario/TC007-Validation response delete booking" time="3.026" classname="Test Cases/SK03-Update and delete scenario/TC007-Validation response delete booking" status="PASSED">
         <system-out><![CDATA[2023-05-01 15:46:22 - [TEST_CASE][PASSED] - Test Cases/SK03-Update and delete scenario/TC007-Validation response delete booking: Test Cases/SK03-Update and delete scenario/TC007-Validation response delete booking

2023-05-01 15:46:22 - [TEST_STEP][PASSED] - response = sendRequestAndVerify(findTestObject("DELETE/Delete booking")): Send request and verify the response successfully

2023-05-01 15:46:24 - [MESSAGE][INFO] - HAR: C:\Users\USER\git\apiTest_QuizGit\Reports\20230501_154603\Update and Delete Test Scenario\20230501_154603\requests\main\4.har

2023-05-01 15:46:24 - [TEST_CASE][PASSED] - Start Test Case : Verification: Verification accomplished successfully

2023-05-01 15:46:25 - [TEST_STEP][PASSED] - request = getInstance().getCurrentRequest(): null

2023-05-01 15:46:25 - [TEST_STEP][PASSED] - response = getInstance().getCurrentResponse(): null

2023-05-01 15:46:25 - [TEST_STEP][PASSED] - verifyResponseStatusCode(response, 201): Verify response status code successfully

2023-05-01 15:46:25 - [MESSAGE][PASSED] - Verify response status code successfully

2023-05-01 15:46:25 - [TEST_STEP][PASSED] - getStatusCode()).isEqualTo(201): null

2023-05-01 15:46:25 - [TEST_STEP][PASSED] - getStatusCode()).isIn(Arrays.asList(200, 201, 202)): null

2023-05-01 15:46:25 - [MESSAGE][PASSED] - Verify response successfully

2023-05-01 15:46:25 - [MESSAGE][PASSED] - All validation steps have been passed

2023-05-01 15:46:25 - [MESSAGE][PASSED] - Send request and verify the response successfully

2023-05-01 15:46:25 - [TEST_STEP][PASSED] - verifyResponseStatusCode(response, 201): Verify response status code successfully

2023-05-01 15:46:25 - [MESSAGE][PASSED] - Verify response status code successfully]]></system-out>
         <system-err><![CDATA[]]></system-err>
      </testcase>
      <system-out><![CDATA[2023-05-01 15:46:09 - [TEST_SUITE][PASSED] - Update and Delete Test Scenario: Test Cases/SK03-Update and delete scenario/TC007-Validation response delete booking]]></system-out>
      <system-err><![CDATA[]]></system-err>
   </testsuite>
</testsuites>
